<?xml version="1.0" encoding="UTF-8"?>
<!-- Generated by org.testng.reporters.JUnitReportReporter -->
<testsuite hostname="Devadirajan" failures="0" tests="1" name="FrameWorkTraining.Tests.Submit_Order" time="13.505" errors="0" timestamp="2025-05-09T11:51:18 IST" skipped="0">
  <testcase classname="FrameWorkTraining.Tests.Submit_Order" name="Submit_Order" time="13.505"/>
</testsuite> <!-- FrameWorkTraining.Tests.Submit_Order -->
