<?xml version="1.0" encoding="UTF-8"?>
<!-- Generated by org.testng.reporters.JUnitReportReporter -->
<testsuite hostname="Devadirajan" failures="0" tests="6" name="FrameWorkTraining.Tests.SubmitOrderTest" time="81.173" errors="0" timestamp="2025-07-02T16:59:51 IST" skipped="0">
  <testcase classname="FrameWorkTraining.Tests.SubmitOrderTest" name="Submit_Order" time="14.396"/>
  <testcase classname="FrameWorkTraining.Tests.SubmitOrderTest" name="orderHistoryTest" time="8.750"/>
  <testcase classname="FrameWorkTraining.Tests.SubmitOrderTest" name="Submit1_Order" time="12.681"/>
  <testcase classname="FrameWorkTraining.Tests.SubmitOrderTest" name="Submit_Order" time="13.762"/>
  <testcase classname="FrameWorkTraining.Tests.SubmitOrderTest" name="Submit_Order" time="18.034"/>
  <testcase classname="FrameWorkTraining.Tests.SubmitOrderTest" name="Submit_Order" time="13.550"/>
</testsuite> <!-- FrameWorkTraining.Tests.SubmitOrderTest -->
