<?xml version="1.0" encoding="UTF-8"?>
<!-- Generated by org.testng.reporters.JUnitReportReporter -->
<testsuite hostname="Devadirajan" failures="0" tests="3" name="FrameWorkTraining.Tests.SubmitOrderTest" time="37.290" errors="0" timestamp="2025-05-16T15:42:02 IST" skipped="0">
  <testcase classname="FrameWorkTraining.Tests.SubmitOrderTest" name="orderHistoryTest" time="9.223"/>
  <testcase classname="FrameWorkTraining.Tests.SubmitOrderTest" name="Submit_Order" time="13.561"/>
  <testcase classname="FrameWorkTraining.Tests.SubmitOrderTest" name="Submit1_Order" time="14.506"/>
</testsuite> <!-- FrameWorkTraining.Tests.SubmitOrderTest -->
